app/build/outputs/logs/manifest-merger-debug-report.txt
-- Merging decision tree log ---
manifest
ADDED from AndroidManifest.xml:2:1
	xmlns:android
		ADDED from AndroidManifest.xml:2:11
	package
		ADDED from AndroidManifest.xml:3:5
		INJECTED from AndroidManifest.xml:0:0
		INJECTED from AndroidManifest.xml:0:0
	android:versionName
		INJECTED from AndroidManifest.xml:0:0
		INJECTED from AndroidManifest.xml:0:0
	android:versionCode
		INJECTED from AndroidManifest.xml:0:0
		INJECTED from AndroidManifest.xml:0:0
uses-permission#android.permission.BLUETOOTH
ADDED from AndroidManifest.xml:5:5
	android:name
		ADDED from AndroidManifest.xml:5:22
uses-permission#android.permission.BLUETOOTH_ADMIN
ADDED from AndroidManifest.xml:6:5
	android:name
		ADDED from AndroidManifest.xml:6:22
application
ADDED from AndroidManifest.xml:8:5
MERGED from com.android.support:appcompat-v7:22.1.1:22:5
MERGED from com.android.support:support-v4:22.1.1:22:5
	android:label
		ADDED from AndroidManifest.xml:11:9
	android:allowBackup
		ADDED from AndroidManifest.xml:9:9
	android:icon
		ADDED from AndroidManifest.xml:10:9
	android:theme
		ADDED from AndroidManifest.xml:12:9
activity#co.geminifab.app.giftviewbletest.MainActivity
ADDED from AndroidManifest.xml:13:9
	android:label
		ADDED from AndroidManifest.xml:15:13
	android:name
		ADDED from AndroidManifest.xml:14:13
intent-filter#android.intent.action.MAIN+android.intent.category.LAUNCHER
ADDED from AndroidManifest.xml:16:13
action#android.intent.action.MAIN
ADDED from AndroidManifest.xml:17:17
	android:name
		ADDED from AndroidManifest.xml:17:25
category#android.intent.category.LAUNCHER
ADDED from AndroidManifest.xml:19:17
	android:name
		ADDED from AndroidManifest.xml:19:27
activity#co.geminifab.app.giftviewbletest.DeviceListActivity
ADDED from AndroidManifest.xml:22:9
	android:label
		ADDED from AndroidManifest.xml:24:13
	android:theme
		ADDED from AndroidManifest.xml:25:13
	android:name
		ADDED from AndroidManifest.xml:23:13
service#co.geminifab.app.giftviewbletest.UartService
ADDED from AndroidManifest.xml:27:9
	android:enabled
		ADDED from AndroidManifest.xml:29:13
	android:name
		ADDED from AndroidManifest.xml:28:13
activity#co.geminifab.app.giftviewbletest.TempSettingActivity
ADDED from AndroidManifest.xml:31:9
	android:label
		ADDED from AndroidManifest.xml:33:13
	android:parentActivityName
		ADDED from AndroidManifest.xml:34:13
	android:name
		ADDED from AndroidManifest.xml:32:13
meta-data#android.support.PARENT_ACTIVITY
ADDED from AndroidManifest.xml:35:13
	android:name
		ADDED from AndroidManifest.xml:36:17
	android:value
		ADDED from AndroidManifest.xml:37:17
activity#co.geminifab.app.giftviewbletest.AQSettingActivity
ADDED from AndroidManifest.xml:39:9
	android:label
		ADDED from AndroidManifest.xml:41:13
	android:parentActivityName
		ADDED from AndroidManifest.xml:42:13
	android:name
		ADDED from AndroidManifest.xml:40:13
uses-sdk
INJECTED from AndroidManifest.xml:0:0 reason: use-sdk injection requested
MERGED from com.android.support:appcompat-v7:22.1.1:20:5
MERGED from com.android.support:support-v4:22.1.1:20:5
	android:targetSdkVersion
		INJECTED from AndroidManifest.xml:0:0
		INJECTED from AndroidManifest.xml:0:0
	android:minSdkVersion
		INJECTED from AndroidManifest.xml:0:0
		INJECTED from AndroidManifest.xml:0:0